SF:lib/src/error/app_error.dart
DA:2,5
LF:1
LH:1
end_of_record
SF:lib/src/features/dashboard/avg/pr_list_data_cubit.dart
DA:11,2
DA:12,1
DA:18,1
DA:20,2
DA:21,1
DA:24,1
DA:25,5
DA:26,3
DA:27,1
DA:31,1
DA:32,3
DA:33,0
DA:34,1
DA:35,1
DA:36,3
DA:43,7
DA:47,2
DA:52,1
DA:55,1
DA:56,1
DA:57,1
DA:58,1
DA:61,1
DA:63,1
DA:64,3
DA:65,3
DA:66,3
DA:69,0
DA:70,0
DA:72,1
DA:76,1
DA:77,1
DA:78,0
DA:82,0
DA:83,0
LF:35
LH:29
end_of_record
SF:lib/src/features/dashboard/avg/time_to_first_review/avg_time_to_first_review_cubit.dart
DA:12,1
DA:15,1
DA:16,5
DA:25,1
DA:27,2
DA:28,1
DA:31,1
DA:32,2
DA:34,2
DA:36,1
DA:37,6
DA:38,3
DA:39,3
DA:40,1
DA:43,2
DA:44,3
DA:48,1
DA:49,3
DA:50,1
DA:51,1
DA:52,1
DA:53,0
DA:56,3
DA:57,0
DA:59,4
DA:60,3
DA:68,5
DA:76,1
DA:79,1
DA:80,1
DA:81,1
DA:84,1
DA:88,1
DA:89,3
DA:90,3
DA:93,0
DA:94,0
LF:37
LH:33
end_of_record
SF:lib/src/github/github_service.dart
DA:11,0
DA:12,0
DA:13,0
DA:21,0
DA:23,0
DA:24,0
DA:27,0
DA:28,0
DA:30,0
DA:31,0
DA:32,0
DA:36,0
DA:40,0
DA:41,0
DA:42,0
DA:43,0
DA:44,0
DA:45,0
DA:49,0
DA:50,0
DA:51,0
DA:54,0
DA:59,0
DA:60,0
DA:61,0
DA:62,0
DA:63,0
DA:64,0
DA:68,0
DA:71,0
DA:72,0
DA:73,0
DA:74,0
DA:78,0
DA:80,0
DA:81,0
DA:82,0
DA:83,0
DA:84,0
DA:88,0
DA:89,0
DA:90,0
DA:91,0
DA:95,0
DA:99,0
DA:100,0
DA:101,0
DA:102,0
DA:103,0
DA:105,0
DA:107,0
DA:108,0
DA:109,0
DA:110,0
LF:54
LH:0
end_of_record
SF:lib/src/data/shared_preferences.dart
DA:6,0
DA:7,0
DA:14,0
DA:15,0
DA:18,0
DA:20,0
DA:22,0
LF:7
LH:0
end_of_record
SF:lib/src/features/dashboard/avg/chart_card.dart
DA:8,7
DA:16,0
DA:20,0
DA:25,0
DA:26,0
DA:33,0
DA:35,0
DA:36,0
DA:39,0
DA:40,0
DA:41,0
DA:43,0
DA:44,0
DA:45,0
DA:46,0
DA:47,0
DA:48,0
DA:49,0
DA:50,0
DA:51,0
DA:52,0
DA:59,0
DA:61,0
DA:63,0
DA:64,0
DA:68,0
DA:69,0
DA:70,0
LF:28
LH:1
end_of_record
SF:lib/src/injectable/injectable.dart
DA:6,0
DA:8,0
DA:13,0
LF:3
LH:0
end_of_record
SF:lib/src/localization/localizations.dart
DA:5,0
DA:6,0
DA:10,0
LF:3
LH:0
end_of_record
SF:lib/src/features/dashboard/repo_name/repository_name_cubit.dart
DA:8,0
DA:12,0
DA:13,0
DA:16,0
DA:17,0
DA:20,0
DA:21,0
DA:24,0
DA:25,0
DA:26,0
DA:29,0
DA:30,0
DA:31,0
DA:32,0
DA:38,3
DA:50,0
DA:56,0
DA:57,0
DA:58,0
LF:19
LH:1
end_of_record
SF:lib/src/features/dashboard/repos_list/repositories_list_cubit.dart
DA:9,0
DA:10,0
DA:11,0
DA:16,0
DA:17,0
DA:18,0
DA:19,0
DA:25,3
DA:29,3
DA:33,0
DA:39,0
LF:11
LH:2
end_of_record
SF:lib/src/features/login/login_cubit.dart
DA:7,0
DA:11,0
DA:12,0
DA:15,0
DA:16,0
DA:17,0
DA:18,0
DA:19,0
DA:25,3
DA:37,0
DA:43,0
DA:44,0
DA:45,0
LF:13
LH:1
end_of_record
SF:lib/src/features/splash/splash_cubit.dart
DA:7,0
DA:8,0
DA:13,0
DA:14,0
DA:15,0
DA:22,3
DA:26,3
DA:30,3
DA:34,3
LF:9
LH:4
end_of_record
SF:lib/main.dart
DA:8,0
DA:9,0
DA:12,0
DA:16,0
DA:18,0
DA:22,0
LF:6
LH:0
end_of_record
SF:lib/src/features/settings/settings_service.dart
DA:10,0
DA:13,0
LF:2
LH:0
end_of_record
SF:lib/src/features/settings/settings_controller.dart
DA:12,0
DA:22,0
DA:27,0
DA:28,0
DA:31,0
DA:35,0
DA:39,0
DA:42,0
DA:45,0
DA:49,0
LF:10
LH:0
end_of_record
SF:lib/src/features/settings/settings_view.dart
DA:10,0
DA:16,0
DA:18,0
DA:19,0
DA:22,0
DA:28,0
DA:30,0
DA:32,0
LF:8
LH:0
end_of_record
SF:lib/src/features/splash/splash_view.dart
DA:10,1
DA:14,0
DA:15,0
DA:21,0
DA:23,0
DA:24,0
DA:27,0
DA:29,0
DA:30,0
DA:33,0
DA:34,0
DA:35,0
DA:36,0
DA:37,0
DA:39,0
DA:44,0
DA:45,0
DA:47,0
DA:48,0
LF:19
LH:1
end_of_record
SF:lib/src/features/dashboard/avg/time_to_first_review/avg_time_to_first_review_chart.dart
DA:12,0
DA:16,0
DA:21,0
DA:22,0
DA:23,0
DA:24,0
DA:27,0
DA:28,0
DA:29,0
DA:30,0
DA:31,0
DA:34,0
DA:37,0
DA:38,0
DA:39,0
DA:40,0
DA:41,0
DA:43,0
DA:44,0
DA:45,0
LF:20
LH:0
end_of_record
SF:lib/src/features/dashboard/avg/time_to_first_review/avg_time_to_first_review_card.dart
DA:12,1
DA:14,0
DA:16,0
DA:23,0
DA:25,0
DA:26,0
DA:29,0
DA:30,0
DA:31,0
DA:34,0
DA:35,0
DA:36,0
DA:37,0
DA:38,0
DA:39,0
DA:40,0
DA:41,0
DA:42,0
DA:43,0
DA:50,0
DA:51,0
DA:53,0
DA:55,0
DA:56,0
DA:57,0
DA:58,0
DA:63,0
DA:64,0
DA:65,0
DA:68,0
DA:69,0
DA:70,0
DA:71,0
DA:72,0
DA:73,0
LF:35
LH:1
end_of_record
SF:lib/src/features/dashboard/avg/avg_chart.dart
DA:12,0
DA:16,0
DA:21,0
DA:22,0
DA:28,0
DA:29,0
DA:30,0
DA:31,0
DA:32,0
DA:33,0
DA:35,0
DA:36,0
DA:37,0
DA:42,0
DA:43,0
DA:44,0
DA:46,0
DA:47,0
DA:48,0
DA:51,0
DA:56,0
DA:57,0
DA:60,0
DA:61,0
DA:62,0
DA:63,0
DA:67,0
DA:68,0
DA:70,0
DA:71,0
DA:72,0
DA:73,0
DA:77,0
DA:78,0
DA:79,0
DA:83,0
DA:84,0
DA:85,0
DA:87,0
DA:89,0
DA:90,0
DA:92,0
DA:105,0
DA:106,0
DA:108,0
DA:112,0
DA:114,0
DA:115,0
DA:126,0
DA:127,0
DA:129,0
DA:132,0
DA:133,0
DA:134,0
DA:139,0
DA:140,0
DA:142,0
DA:144,0
DA:150,0
LF:59
LH:0
end_of_record
SF:lib/src/features/dashboard/avg/pr_number/avg_pr_number_card.dart
DA:12,1
DA:14,0
DA:15,0
DA:16,0
DA:17,0
DA:18,0
DA:19,0
DA:20,0
LF:8
LH:1
end_of_record
SF:lib/src/features/dashboard/avg/pr_number/avg_pr_number_chart.dart
DA:11,0
DA:14,0
DA:18,0
DA:19,0
DA:20,0
DA:21,0
DA:24,0
DA:25,0
DA:26,0
DA:27,0
DA:28,0
DA:31,0
DA:35,0
DA:36,0
DA:37,0
DA:38,0
DA:39,0
DA:40,0
DA:41,0
LF:19
LH:0
end_of_record
SF:lib/src/features/dashboard/avg/pr_lead_time/avg_pr_lead_time_card.dart
DA:12,1
DA:14,0
DA:15,0
DA:22,0
DA:24,0
DA:25,0
DA:28,0
DA:29,0
DA:30,0
DA:32,0
DA:33,0
DA:34,0
DA:35,0
DA:36,0
DA:37,0
DA:38,0
DA:39,0
DA:40,0
DA:41,0
DA:42,0
DA:49,0
DA:51,0
DA:53,0
DA:54,0
DA:55,0
DA:56,0
DA:61,0
DA:62,0
DA:63,0
DA:66,0
DA:67,0
DA:68,0
DA:69,0
LF:33
LH:1
end_of_record
SF:lib/src/features/dashboard/avg/pr_lead_time/avg_pr_lead_time_chart.dart
DA:12,0
DA:16,0
DA:21,0
DA:22,0
DA:23,0
DA:24,0
DA:27,0
DA:28,0
DA:29,0
DA:30,0
DA:31,0
DA:34,0
DA:38,0
DA:39,0
DA:41,0
DA:42,0
DA:43,0
DA:44,0
LF:18
LH:0
end_of_record
SF:lib/src/features/dashboard/repo_name/repository_name_card.dart
DA:9,1
DA:11,0
DA:12,0
DA:20,0
DA:22,0
DA:23,0
DA:26,0
DA:27,0
DA:28,0
DA:30,0
DA:33,0
DA:34,0
DA:35,0
DA:38,0
DA:39,0
DA:41,0
DA:42,0
DA:43,0
DA:44,0
DA:46,0
DA:47,0
DA:52,0
DA:54,0
DA:55,0
DA:56,0
DA:57,0
DA:59,0
DA:60,0
DA:65,0
DA:73,0
DA:74,0
DA:75,0
DA:76,0
DA:77,0
DA:78,0
DA:80,0
DA:81,0
DA:83,0
DA:84,0
DA:87,0
DA:88,0
DA:89,0
DA:90,0
LF:43
LH:1
end_of_record
SF:lib/src/features/dashboard/dashboard_view.dart
DA:13,1
DA:17,0
DA:18,0
DA:19,0
DA:20,0
DA:21,0
DA:22,0
DA:23,0
DA:25,0
DA:29,0
DA:30,0
DA:32,0
DA:34,0
DA:35,0
DA:36,0
DA:37,0
DA:43,0
LF:17
LH:1
end_of_record
SF:lib/src/features/dashboard/repos_list/repositories_list.dart
DA:10,1
DA:12,0
DA:13,0
DA:19,0
DA:21,0
DA:22,0
DA:25,0
DA:26,0
DA:27,0
DA:30,0
DA:31,0
DA:32,0
DA:33,0
DA:34,0
DA:35,0
DA:36,0
DA:37,0
DA:39,0
DA:40,0
DA:41,0
DA:47,0
DA:48,0
DA:53,0
DA:55,0
DA:56,0
DA:57,0
DA:58,0
DA:62,0
DA:63,0
LF:29
LH:1
end_of_record
SF:lib/src/features/dashboard/widgets/profile_card.dart
DA:9,0
DA:13,0
DA:15,0
DA:16,0
DA:17,0
DA:19,0
DA:20,0
DA:21,0
DA:26,0
DA:28,0
DA:30,0
DA:31,0
DA:38,0
DA:39,0
DA:40,0
DA:41,0
LF:16
LH:0
end_of_record
SF:lib/src/features/login/login_view.dart
DA:10,1
DA:14,0
DA:15,0
DA:21,0
DA:23,0
DA:24,0
DA:27,0
DA:29,0
DA:30,0
DA:33,0
DA:34,0
DA:35,0
DA:36,0
DA:38,0
DA:40,0
DA:41,0
DA:43,0
DA:44,0
DA:45,0
DA:46,0
DA:47,0
DA:52,0
DA:53,0
DA:56,0
DA:64,0
DA:65,0
DA:69,0
DA:70,0
DA:72,0
DA:73,0
DA:78,0
DA:79,0
DA:80,0
DA:81,0
LF:34
LH:1
end_of_record
SF:lib/src/use_case/logout_use_case.dart
DA:8,0
DA:9,0
DA:10,0
LF:3
LH:0
end_of_record
SF:lib/src/use_case/count_time_to_first_cr_use_case.dart
DA:4,0
DA:5,0
DA:7,0
DA:8,0
DA:9,0
DA:11,0
DA:12,0
DA:17,0
DA:19,0
DA:20,0
LF:10
LH:0
end_of_record
SF:lib/src/use_case/count_avg_pr_per_week_use_case.dart
DA:6,0
DA:7,0
DA:8,0
DA:10,0
DA:11,0
DA:12,0
DA:13,0
DA:14,0
DA:15,0
DA:16,0
DA:17,0
DA:19,0
DA:24,0
DA:26,0
DA:27,0
DA:29,0
DA:30,0
DA:31,0
DA:34,0
DA:35,0
LF:20
LH:0
end_of_record
SF:lib/src/use_case/count_pr_lead_time_use_case.dart
DA:4,0
DA:5,0
DA:7,0
DA:9,0
DA:10,0
DA:12,0
DA:13,0
DA:18,0
DA:20,0
DA:21,0
LF:10
LH:0
end_of_record
SF:lib/src/extensions/week_of_year.dart
DA:5,0
DA:8,0
DA:11,0
DA:13,0
DA:17,0
DA:18,0
DA:19,0
DA:31,0
DA:33,0
DA:37,0
DA:38,0
LF:11
LH:0
end_of_record
SF:lib/src/extensions/double_ext.dart
DA:2,0
LF:1
LH:0
end_of_record
SF:lib/src/app.dart
DA:16,0
DA:19,0
DA:23,0
DA:24,0
DA:28,0
DA:34,0
DA:35,0
DA:36,0
DA:37,0
DA:57,0
DA:58,0
DA:59,0
DA:60,0
DA:61,0
DA:65,0
DA:66,0
DA:68,0
DA:69,0
DA:70,0
DA:72,0
DA:74,0
DA:75,0
DA:76,0
DA:89,0
DA:91,0
DA:92,0
LF:26
LH:0
end_of_record
